
ROM used:   1038/8192 (13%)
            1038/8192 (13%) including unused fragments

            0.8 Average locations per line
            3.9 Average locations per statement

RAM used:   7/368 (2%) at main() level
            31/368 (8%) worst case

Stack used: 6 worst case (6 in main + 0 for interrupts)
Stack size: 8

Lines Stmts  %   Files
----- ----- ---  -----
  200   168  63  main.c
  661     0   0  C:\Program Files (x86)\PICC\Devices\16F877A.h
  456   100  37  C:\Program Files (x86)\PICC\Drivers\lcd.c
----- -----
 1317   268 Total

Page ROM  %  RAM   Vol Diff  Functions:
---- --- --- ---   --- ----  ----------
0     21   2    1             @delay_ms1
0      8   1    0             @const626
 Inline         3   760  4.5  lcd_read_byte
0     49   5    2   262  3.7  lcd_read_nibble
0     43   4    1   399  2.4  lcd_send_nibble
0     92   9    3   415  3.7  lcd_send_byte
0     61   6    2   704  5.0  lcd_init
0     18   2    4   208  6.3  lcd_gotoxy
0     44   4    1   354  4.7  lcd_putc
0     26   3    0    90  1.5  displayEnterPasswordMessage
0      1   0    0             @const658
0     75   7    4             @PSTRINGC7_645
0      8   1    0             @const660
0    568  55    2  6046 10.0  MAIN
0      1   0    0             @const669
0      9   1    0             @const671
0     10   1    0             @const672
 Inline         0             @cinit1

Program metrics:
    Functions               9
    Statements              268
    Comments                212
    Volume (V)              12217
    Difficulty (D)          40.9
    Effort to implement (E) 499092
    Time to implement (T)   7 hours, 42 minutes
    Est Delivered Bugs (B)  2
    Cyclomatic Complexity   27
    Maintainability (MI)    125

 Segment     Used  Free
-----------  ----  ----
00000-00003     4  0  
00004-007FF  1034  1010  
00800-00FFF     0  2048  
01000-017FF     0  2048  
01800-01FFF     0  2048  



