
ROM used:   463/8192 (6%)
            463/8192 (6%) including unused fragments

            0.4 Average locations per line
            4.3 Average locations per statement

RAM used:   5/368 (1%) at main() level
            20/368 (5%) worst case

Stack used: 5 worst case (5 in main + 0 for interrupts)
Stack size: 8

Lines Stmts  %   Files
----- ----- ---  -----
   34     7   7  pownmain.c
  661     0   0  C:\Program Files (x86)\PICC\Devices\16F877A.h
  456   100  93  C:\Program Files (x86)\PICC\Drivers\lcd.c
----- -----
 1151   107 Total

Page ROM  %  RAM   Vol Diff  Functions:
---- --- --- ---   --- ----  ----------
0     21   5    1             @delay_ms1
0      8   2    0             @const626
 Inline         3   760  4.5  lcd_read_byte
0     49  11    2   262  3.7  lcd_read_nibble
0     43   9    1   399  2.4  lcd_send_nibble
0     92  20    3   415  3.7  lcd_send_byte
0     61  13    2   704  5.0  lcd_init
0     18   4    4   208  6.3  lcd_gotoxy
0     44  10    1   354  4.7  lcd_putc
0     38   8    0   125  2.0  MAIN
0      5   1    0             @const660
0     75  16    4             @PSTRINGC7_645
0      5   1    0             @const662
 Inline         0             @cinit1

Program metrics:
    Functions               8
    Statements              107
    Comments                212
    Volume (V)              4906
    Difficulty (D)          31.2
    Effort to implement (E) 153191
    Time to implement (T)   2 hours, 22 minutes
    Est Delivered Bugs (B)  1
    Cyclomatic Complexity   8
    Maintainability (MI)    145

 Segment     Used  Free
-----------  ----  ----
00000-00003     4  0  
00004-007FF   459  1585  
00800-00FFF     0  2048  
01000-017FF     0  2048  
01800-01FFF     0  2048  



